<?xml version="1.0" encoding="UTF-8"?>
<testng-results skipped="0" failed="0" total="1" passed="1">
  <reporter-output>
  </reporter-output>
  <suite name="Test Suite" duration-ms="205" started-at="2019-12-08T06:48:09Z" finished-at="2019-12-08T06:48:09Z">
    <groups>
    </groups>
    <test name="Login and Update Profile Test" duration-ms="205" started-at="2019-12-08T06:48:09Z" finished-at="2019-12-08T06:48:09Z">
      <class name="verifyHomePageHeaders">
        <test-method status="PASS" signature="verifyHeader()[pri:0, instance:verifyHomePageHeaders@26b3fd41]" name="verifyHeader" duration-ms="198" started-at="2019-12-08T12:18:09Z" finished-at="2019-12-08T12:18:09Z">
          <reporter-output>
          </reporter-output>
        </test-method> <!-- verifyHeader -->
        <test-method status="PASS" signature="tearDown()[pri:0, instance:verifyHomePageHeaders@26b3fd41]" name="tearDown" is-config="true" duration-ms="77" started-at="2019-12-08T12:18:09Z" finished-at="2019-12-08T12:18:09Z">
          <reporter-output>
          </reporter-output>
        </test-method> <!-- tearDown -->
      </class> <!-- verifyHomePageHeaders -->
    </test> <!-- Login and Update Profile Test -->
  </suite> <!-- Test Suite -->
</testng-results>
