<?xml version="1.0" encoding="UTF-8"?>
<testng-results skipped="0" failed="0" total="1" passed="1">
  <reporter-output>
  </reporter-output>
  <suite name="Test Suite" duration-ms="13631" started-at="2019-12-06T19:19:31Z" finished-at="2019-12-06T19:19:45Z">
    <groups>
    </groups>
    <test name="Login and Update Profile Test" duration-ms="13631" started-at="2019-12-06T19:19:31Z" finished-at="2019-12-06T19:19:45Z">
      <class name="TestCss">
        <test-method status="PASS" signature="iTestCSS()[pri:0, instance:TestCss@34ce8af7]" name="iTestCSS" duration-ms="13624" started-at="2019-12-07T00:49:31Z" finished-at="2019-12-07T00:49:45Z">
          <reporter-output>
          </reporter-output>
        </test-method> <!-- iTestCSS -->
        <test-method status="PASS" signature="tearDown()[pri:0, instance:TestCss@34ce8af7]" name="tearDown" is-config="true" duration-ms="132" started-at="2019-12-07T00:49:45Z" finished-at="2019-12-07T00:49:45Z">
          <reporter-output>
          </reporter-output>
        </test-method> <!-- tearDown -->
      </class> <!-- TestCss -->
    </test> <!-- Login and Update Profile Test -->
  </suite> <!-- Test Suite -->
</testng-results>
